[    9741ms] [VERBOSE] [DOM] Input elements should have autocomplete attributes (suggested: "new-password"): (More info: https://goo.gl/9p2vKq) %o @ http://bzdt.ch.mnr.gov.cn/:0
[    9742ms] [VERBOSE] [DOM] Input elements should have autocomplete attributes (suggested: "new-password"): (More info: https://goo.gl/9p2vKq) %o @ http://bzdt.ch.mnr.gov.cn/:0
[    9742ms] [VERBOSE] [DOM] Input elements should have autocomplete attributes (suggested: "current-password"): (More info: https://goo.gl/9p2vKq) %o @ http://bzdt.ch.mnr.gov.cn/:0
[    9742ms] [VERBOSE] [DOM] Input elements should have autocomplete attributes (suggested: "new-password"): (More info: https://goo.gl/9p2vKq) %o @ http://bzdt.ch.mnr.gov.cn/:0
[    9742ms] [VERBOSE] [DOM] Input elements should have autocomplete attributes (suggested: "new-password"): (More info: https://goo.gl/9p2vKq) %o @ http://bzdt.ch.mnr.gov.cn/:0
[    9742ms] [VERBOSE] [DOM] Input elements should have autocomplete attributes (suggested: "current-password"): (More info: https://goo.gl/9p2vKq) %o @ http://bzdt.ch.mnr.gov.cn/:0
[    9742ms] [VERBOSE] [DOM] Input elements should have autocomplete attributes (suggested: "new-password"): (More info: https://goo.gl/9p2vKq) %o @ http://bzdt.ch.mnr.gov.cn/:0
[    9743ms] [VERBOSE] [DOM] Input elements should have autocomplete attributes (suggested: "new-password"): (More info: https://goo.gl/9p2vKq) %o @ http://bzdt.ch.mnr.gov.cn/:0
[   16536ms] [LOG] {type: 1, message: Object} @ :37
[   18261ms] [LOG] searchInputsearchInputsearchInputsearchInput @ :91
[   18291ms] [VERBOSE] [DOM] Input elements should have autocomplete attributes (suggested: "new-password"): (More info: https://goo.gl/9p2vKq) %o @ http://bzdt.ch.mnr.gov.cn/download.html?superclassName=%25E4%25B8%25AD%25E5%259B%25BD%25E5%2585%25A8%25E5%259B%25BE:0
[   18292ms] [VERBOSE] [DOM] Input elements should have autocomplete attributes (suggested: "new-password"): (More info: https://goo.gl/9p2vKq) %o @ http://bzdt.ch.mnr.gov.cn/download.html?superclassName=%25E4%25B8%25AD%25E5%259B%25BD%25E5%2585%25A8%25E5%259B%25BE:0
[   18292ms] [VERBOSE] [DOM] Input elements should have autocomplete attributes (suggested: "current-password"): (More info: https://goo.gl/9p2vKq) %o @ http://bzdt.ch.mnr.gov.cn/download.html?superclassName=%25E4%25B8%25AD%25E5%259B%25BD%25E5%2585%25A8%25E5%259B%25BE:0
[   18292ms] [VERBOSE] [DOM] Input elements should have autocomplete attributes (suggested: "new-password"): (More info: https://goo.gl/9p2vKq) %o @ http://bzdt.ch.mnr.gov.cn/download.html?superclassName=%25E4%25B8%25AD%25E5%259B%25BD%25E5%2585%25A8%25E5%259B%25BE:0
[   18292ms] [VERBOSE] [DOM] Input elements should have autocomplete attributes (suggested: "new-password"): (More info: https://goo.gl/9p2vKq) %o @ http://bzdt.ch.mnr.gov.cn/download.html?superclassName=%25E4%25B8%25AD%25E5%259B%25BD%25E5%2585%25A8%25E5%259B%25BE:0
[   18292ms] [VERBOSE] [DOM] Input elements should have autocomplete attributes (suggested: "current-password"): (More info: https://goo.gl/9p2vKq) %o @ http://bzdt.ch.mnr.gov.cn/download.html?superclassName=%25E4%25B8%25AD%25E5%259B%25BD%25E5%2585%25A8%25E5%259B%25BE:0
[   18292ms] [VERBOSE] [DOM] Input elements should have autocomplete attributes (suggested: "new-password"): (More info: https://goo.gl/9p2vKq) %o @ http://bzdt.ch.mnr.gov.cn/download.html?superclassName=%25E4%25B8%25AD%25E5%259B%25BD%25E5%2585%25A8%25E5%259B%25BE:0
[   18292ms] [VERBOSE] [DOM] Input elements should have autocomplete attributes (suggested: "new-password"): (More info: https://goo.gl/9p2vKq) %o @ http://bzdt.ch.mnr.gov.cn/download.html?superclassName=%25E4%25B8%25AD%25E5%259B%25BD%25E5%2585%25A8%25E5%259B%25BE:0
[   19075ms] Uncaught TypeError: Cannot read properties of undefined (reading 'prototype')
    at <anonymous> (https://cdn.bootcss.com/element-ui/2.12.0/index.js:0:71808)
    at i (https://cdn.bootcss.com/element-ui/2.12.0/index.js:0:405)
    at <anonymous> (https://cdn.bootcss.com/element-ui/2.12.0/index.js:0:23017)
    at i (https://cdn.bootcss.com/element-ui/2.12.0/index.js:0:405)
    at <anonymous> (https://cdn.bootcss.com/element-ui/2.12.0/index.js:0:1210)
    at <anonymous> (https://cdn.bootcss.com/element-ui/2.12.0/index.js:0:1220)
    at <anonymous> (https://cdn.bootcss.com/element-ui/2.12.0/index.js:0:233)
    at <anonymous> (https://cdn.bootcss.com/element-ui/2.12.0/index.js:0:242)
